<?xml version="1.0" encoding="UTF-8"?>
<testsuite name="cn.school.thoughtworks.section2.PracticeBTest" tests="1" skipped="0" failures="0" errors="0" timestamp="2018-03-28T09:57:23" hostname="DESKTOP-Q8J7T3P" time="0.002">
  <properties/>
  <testcase name="count_same_elements_should_return_an_map_with_elements_and_count" classname="cn.school.thoughtworks.section2.PracticeBTest" time="0.002"/>
  <system-out><![CDATA[]]></system-out>
  <system-err><![CDATA[]]></system-err>
</testsuite>
